<?xml version="1.0" encoding="UTF-8"?>
<!-- Generated by org.testng.reporters.JUnitReportReporter -->
<testsuite skipped="0" hostname="DESKTOP-BLHDVQQ" name="pratice.rest.assured.TokenAuthAPI" tests="1" failures="0" timestamp="09 Jan 2021 06:59:42 GMT" time="6.443" errors="0">
  <testcase name="checkTokenAuth" time="6.443" classname="pratice.rest.assured.TokenAuthAPI"/>
</testsuite> <!-- pratice.rest.assured.TokenAuthAPI -->
