<?xml version="1.0" encoding="UTF-8"?>
<!-- Generated by org.testng.reporters.JUnitReportReporter -->
<testsuite skipped="0" hostname="DESKTOP-BLHDVQQ" name="com.apt.testScripts.CreateNewResourceTest" tests="1" failures="0" timestamp="16 Jan 2021 06:21:46 GMT" time="4.354" errors="0">
  <testcase name="checkNewData" time="4.354" classname="com.apt.testScripts.CreateNewResourceTest"/>
</testsuite> <!-- com.apt.testScripts.CreateNewResourceTest -->
