<?xml version="1.0" encoding="UTF-8"?>
<!-- Generated by org.testng.reporters.JUnitReportReporter -->
<testsuite skipped="0" hostname="DESKTOP-BLHDVQQ" name="com.apt.testScripts.CreateNewBulkTest" tests="1" failures="0" timestamp="16 Jan 2021 06:41:56 GMT" time="3.364" errors="0">
  <testcase name="checkNewBulkData" time="3.364" classname="com.apt.testScripts.CreateNewBulkTest"/>
</testsuite> <!-- com.apt.testScripts.CreateNewBulkTest -->
