<?xml version="1.0" encoding="UTF-8"?>
<!-- Generated by org.testng.reporters.JUnitReportReporter -->
<testsuite skipped="0" hostname="DESKTOP-BLHDVQQ" name="com.apt.testScripts.ReuiredPostTest" tests="1" failures="0" timestamp="16 Jan 2021 06:04:55 GMT" time="5.422" errors="0">
  <testcase name="getReuiredPosts" time="5.422" classname="com.apt.testScripts.ReuiredPostTest"/>
</testsuite> <!-- com.apt.testScripts.ReuiredPostTest -->
