<?xml version="1.0" encoding="UTF-8"?>
<!-- Generated by org.testng.reporters.JUnitReportReporter -->
<testsuite skipped="0" hostname="DESKTOP-BLHDVQQ" name="pratice.rest.assured.Parameterization" tests="1" failures="0" timestamp="02 Jan 2021 06:52:16 GMT" time="4.970" errors="0">
  <testcase name="checkAllPosts" time="4.970" classname="pratice.rest.assured.Parameterization"/>
</testsuite> <!-- pratice.rest.assured.Parameterization -->
