<?xml version="1.0" encoding="UTF-8"?>
<!-- Generated by org.testng.reporters.JUnitReportReporter -->
<testsuite skipped="0" hostname="DESKTOP-BLHDVQQ" name="pratice.rest.assured.FetchData" tests="1" failures="0" timestamp="12 Dec 2020 07:08:12 GMT" time="4.227" errors="0">
  <testcase name="getDataFromApi" time="4.227" classname="pratice.rest.assured.FetchData"/>
</testsuite> <!-- pratice.rest.assured.FetchData -->
