<?xml version="1.0" encoding="UTF-8"?>
<!-- Generated by org.testng.reporters.JUnitReportReporter -->
<testsuite skipped="0" hostname="DESKTOP-BLHDVQQ" name="com.apt.testScripts.AllCountriesTest" tests="1" failures="0" timestamp="16 Jan 2021 06:09:00 GMT" time="6.636" errors="0">
  <testcase name="getReuiredPosts" time="6.636" classname="com.apt.testScripts.AllCountriesTest"/>
</testsuite> <!-- com.apt.testScripts.AllCountriesTest -->
