<?xml version="1.0" encoding="UTF-8"?>
<!-- Generated by org.testng.reporters.JUnitReportReporter -->
<testsuite skipped="0" hostname="DESKTOP-BLHDVQQ" name="pratice.rest.assured.DemoBasicAuth" tests="1" failures="0" timestamp="09 Jan 2021 06:06:02 GMT" time="6.861" errors="0">
  <testcase name="checkBasicAuth" time="6.861" classname="pratice.rest.assured.DemoBasicAuth"/>
</testsuite> <!-- pratice.rest.assured.DemoBasicAuth -->
